# JRE version: OpenJDK Runtime Environment (8.0_212-b04) (build 1.8.0_212-release-1586-b04)
# Java VM: OpenJDK 64-Bit Server VM (25.212-b04 mixed mode windows-amd64 compressed oops)
Heap:
 PSYoungGen      total 324608K, used 90751K [0x00000000e0000000, 0x00000000f8080000, 0x0000000100000000)
  eden space 278528K, 25% used [0x00000000e0000000,0x00000000e4456a10,0x00000000f1000000)
  from space 46080K, 45% used [0x00000000f3b80000,0x00000000f4fc9270,0x00000000f6880000)
  to   space 44544K, 0% used [0x00000000f1000000,0x00000000f1000000,0x00000000f3b80000)
 ParOldGen       total 201216K, used 50964K [0x00000000a0000000, 0x00000000ac480000, 0x00000000e0000000)
  object space 201216K, 25% used [0x00000000a0000000,0x00000000a31c5250,0x00000000ac480000)
 Metaspace       used 75164K, capacity 78168K, committed 78552K, reserved 1118208K
  class space    used 9472K, capacity 10085K, committed 10200K, reserved 1048576K
GC Heap History (10 events):
Event: 869.947 GC heap before
{Heap before GC invocations=24 (full 3):
 PSYoungGen      total 330240K, used 318181K [0x00000000e0000000, 0x00000000f7080000, 0x0000000100000000)
  eden space 296448K, 100% used [0x00000000e0000000,0x00000000f2180000,0x00000000f2180000)
  from space 33792K, 64% used [0x00000000f4f80000,0x00000000f64b9568,0x00000000f7080000)
  to   space 40448K, 0% used [0x00000000f2180000,0x00000000f2180000,0x00000000f4900000)
 ParOldGen       total 130048K, used 101479K [0x00000000a0000000, 0x00000000a7f00000, 0x00000000e0000000)
  object space 130048K, 78% used [0x00000000a0000000,0x00000000a6319f50,0x00000000a7f00000)
 Metaspace       used 74719K, capacity 77694K, committed 78040K, reserved 1118208K
  class space    used 9467K, capacity 10078K, committed 10200K, reserved 1048576K
Event: 869.967 GC heap after
Heap after GC invocations=24 (full 3):
 PSYoungGen      total 336896K, used 23370K [0x00000000e0000000, 0x00000000f8f80000, 0x0000000100000000)
  eden space 296448K, 0% used [0x00000000e0000000,0x00000000e0000000,0x00000000f2180000)
  from space 40448K, 57% used [0x00000000f2180000,0x00000000f3852ab8,0x00000000f4900000)
  to   space 40448K, 0% used [0x00000000f6800000,0x00000000f6800000,0x00000000f8f80000)
 ParOldGen       total 130048K, used 101487K [0x00000000a0000000, 0x00000000a7f00000, 0x00000000e0000000)
  object space 130048K, 78% used [0x00000000a0000000,0x00000000a631bf50,0x00000000a7f00000)
 Metaspace       used 74719K, capacity 77694K, committed 78040K, reserved 1118208K
  class space    used 9467K, capacity 10078K, committed 10200K, reserved 1048576K
}
Event: 938.243 GC heap before
{Heap before GC invocations=25 (full 3):
 PSYoungGen      total 336896K, used 319818K [0x00000000e0000000, 0x00000000f8f80000, 0x0000000100000000)
  eden space 296448K, 100% used [0x00000000e0000000,0x00000000f2180000,0x00000000f2180000)
  from space 40448K, 57% used [0x00000000f2180000,0x00000000f3852ab8,0x00000000f4900000)
  to   space 40448K, 0% used [0x00000000f6800000,0x00000000f6800000,0x00000000f8f80000)
 ParOldGen       total 130048K, used 101487K [0x00000000a0000000, 0x00000000a7f00000, 0x00000000e0000000)
  object space 130048K, 78% used [0x00000000a0000000,0x00000000a631bf50,0x00000000a7f00000)
 Metaspace       used 74965K, capacity 78058K, committed 78296K, reserved 1118208K
  class space    used 9477K, capacity 10096K, committed 10200K, reserved 1048576K
Event: 938.309 GC heap after
Heap after GC invocations=25 (full 3):
 PSYoungGen      total 325632K, used 40420K [0x00000000e0000000, 0x00000000f8f80000, 0x0000000100000000)
  eden space 285184K, 0% used [0x00000000e0000000,0x00000000e0000000,0x00000000f1680000)
  from space 40448K, 99% used [0x00000000f6800000,0x00000000f8f79080,0x00000000f8f80000)
  to   space 46592K, 0% used [0x00000000f3480000,0x00000000f3480000,0x00000000f6200000)
 ParOldGen       total 130048K, used 101671K [0x00000000a0000000, 0x00000000a7f00000, 0x00000000e0000000)
  object space 130048K, 78% used [0x00000000a0000000,0x00000000a6349f50,0x00000000a7f00000)
 Metaspace       used 74965K, capacity 78058K, committed 78296K, reserved 1118208K
  class space    used 9477K, capacity 10096K, committed 10200K, reserved 1048576K
}
Event: 950.787 GC heap before
{Heap before GC invocations=26 (full 3):
 PSYoungGen      total 325632K, used 325604K [0x00000000e0000000, 0x00000000f8f80000, 0x0000000100000000)
  eden space 285184K, 100% used [0x00000000e0000000,0x00000000f1680000,0x00000000f1680000)
  from space 40448K, 99% used [0x00000000f6800000,0x00000000f8f79080,0x00000000f8f80000)
  to   space 46592K, 0% used [0x00000000f3480000,0x00000000f3480000,0x00000000f6200000)
 ParOldGen       total 130048K, used 101671K [0x00000000a0000000, 0x00000000a7f00000, 0x00000000e0000000)
  object space 130048K, 78% used [0x00000000a0000000,0x00000000a6349f50,0x00000000a7f00000)
 Metaspace       used 75190K, capacity 78328K, committed 78552K, reserved 1118208K
  class space    used 9489K, capacity 10117K, committed 10200K, reserved 1048576K
Event: 950.812 GC heap after
Heap after GC invocations=26 (full 3):
 PSYoungGen      total 281600K, used 6944K [0x00000000e0000000, 0x00000000f6880000, 0x0000000100000000)
  eden space 274432K, 0% used [0x00000000e0000000,0x00000000e0000000,0x00000000f0c00000)
  from space 7168K, 96% used [0x00000000f3480000,0x00000000f3b48138,0x00000000f3b80000)
  to   space 46080K, 0% used [0x00000000f3b80000,0x00000000f3b80000,0x00000000f6880000)
 ParOldGen       total 130048K, used 115264K [0x00000000a0000000, 0x00000000a7f00000, 0x00000000e0000000)
  object space 130048K, 88% used [0x00000000a0000000,0x00000000a70902f0,0x00000000a7f00000)
 Metaspace       used 75190K, capacity 78328K, committed 78552K, reserved 1118208K
  class space    used 9489K, capacity 10117K, committed 10200K, reserved 1048576K
}
Event: 950.812 GC heap before
{Heap before GC invocations=27 (full 4):
 PSYoungGen      total 281600K, used 6944K [0x00000000e0000000, 0x00000000f6880000, 0x0000000100000000)
  eden space 274432K, 0% used [0x00000000e0000000,0x00000000e0000000,0x00000000f0c00000)
  from space 7168K, 96% used [0x00000000f3480000,0x00000000f3b48138,0x00000000f3b80000)
  to   space 46080K, 0% used [0x00000000f3b80000,0x00000000f3b80000,0x00000000f6880000)
 ParOldGen       total 130048K, used 115264K [0x00000000a0000000, 0x00000000a7f00000, 0x00000000e0000000)
  object space 130048K, 88% used [0x00000000a0000000,0x00000000a70902f0,0x00000000a7f00000)
 Metaspace       used 75190K, capacity 78328K, committed 78552K, reserved 1118208K
  class space    used 9489K, capacity 10117K, committed 10200K, reserved 1048576K
Event: 951.063 GC heap after
Heap after GC invocations=27 (full 4):
 PSYoungGen      total 281600K, used 0K [0x00000000e0000000, 0x00000000f6880000, 0x0000000100000000)
  eden space 274432K, 0% used [0x00000000e0000000,0x00000000e0000000,0x00000000f0c00000)
  from space 7168K, 0% used [0x00000000f3480000,0x00000000f3480000,0x00000000f3b80000)
  to   space 46080K, 0% used [0x00000000f3b80000,0x00000000f3b80000,0x00000000f6880000)
 ParOldGen       total 201216K, used 50956K [0x00000000a0000000, 0x00000000ac480000, 0x00000000e0000000)
  object space 201216K, 25% used [0x00000000a0000000,0x00000000a31c3250,0x00000000ac480000)
 Metaspace       used 75122K, capacity 78156K, committed 78552K, reserved 1118208K
  class space    used 9470K, capacity 10083K, committed 10200K, reserved 1048576K
}
Event: 952.467 GC heap before
{Heap before GC invocations=28 (full 4):
 PSYoungGen      total 281600K, used 274432K [0x00000000e0000000, 0x00000000f6880000, 0x0000000100000000)
  eden space 274432K, 100% used [0x00000000e0000000,0x00000000f0c00000,0x00000000f0c00000)
  from space 7168K, 0% used [0x00000000f3480000,0x00000000f3480000,0x00000000f3b80000)
  to   space 46080K, 0% used [0x00000000f3b80000,0x00000000f3b80000,0x00000000f6880000)
 ParOldGen       total 201216K, used 50956K [0x00000000a0000000, 0x00000000ac480000, 0x00000000e0000000)
  object space 201216K, 25% used [0x00000000a0000000,0x00000000a31c3250,0x00000000ac480000)
 Metaspace       used 75150K, capacity 78156K, committed 78552K, reserved 1118208K
  class space    used 9470K, capacity 10083K, committed 10200K, reserved 1048576K
Event: 952.489 GC heap after
Heap after GC invocations=28 (full 4):
 PSYoungGen      total 324608K, used 20772K [0x00000000e0000000, 0x00000000f8080000, 0x0000000100000000)
  eden space 278528K, 0% used [0x00000000e0000000,0x00000000e0000000,0x00000000f1000000)
  from space 46080K, 45% used [0x00000000f3b80000,0x00000000f4fc9270,0x00000000f6880000)
  to   space 44544K, 0% used [0x00000000f1000000,0x00000000f1000000,0x00000000f3b80000)
 ParOldGen       total 201216K, used 50964K [0x00000000a0000000, 0x00000000ac480000, 0x00000000e0000000)
  object space 201216K, 25% used [0x00000000a0000000,0x00000000a31c5250,0x00000000ac480000)
 Metaspace       used 75150K, capacity 78156K, committed 78552K, reserved 1118208K
  class space    used 9470K, capacity 10083K, committed 10200K, reserved 1048576K
}

